This is pdfTeX, Version 3.14159265-2.6-1.40.20 (TeX Live 2019/Debian) (preloaded format=latex 2021.2.9)  5 APR 2021 12:55
entering extended mode
 restricted \write18 enabled.
 %&-line parsing enabled.
**simple
(./simple.tex
LaTeX2e <2020-02-02> patch level 2
L3 programming layer <2020-02-14>
(/usr/share/texlive/texmf-dist/tex/latex/base/article.cls
Document Class: article 2019/12/20 v1.4l Standard LaTeX document class
(/usr/share/texlive/texmf-dist/tex/latex/base/size11.clo
File: size11.clo 2019/12/20 v1.4l Standard LaTeX file (size option)
)
\c@part=\count167
\c@section=\count168
\c@subsection=\count169
\c@subsubsection=\count170
\c@paragraph=\count171
\c@subparagraph=\count172
\c@figure=\count173
\c@table=\count174
\abovecaptionskip=\skip47
\belowcaptionskip=\skip48
\bibindent=\dimen134
) (./xyqcirc.tex
(/usr/share/texlive/texmf-dist/tex/latex/graphics/graphicx.sty
Package: graphicx 2019/11/30 v1.2a Enhanced LaTeX Graphics (DPC,SPQR)

(/usr/share/texlive/texmf-dist/tex/latex/graphics/keyval.sty
Package: keyval 2014/10/28 v1.15 key=value parser (DPC)
\KV@toks@=\toks14
)
(/usr/share/texlive/texmf-dist/tex/latex/graphics/graphics.sty
Package: graphics 2019/11/30 v1.4a Standard LaTeX Graphics (DPC,SPQR)

(/usr/share/texlive/texmf-dist/tex/latex/graphics/trig.sty
Package: trig 2016/01/03 v1.10 sin cos tan (DPC)
)
(/usr/share/texlive/texmf-dist/tex/latex/graphics-cfg/graphics.cfg
File: graphics.cfg 2016/06/04 v1.11 sample graphics configuration
)
Package graphics Info: Driver file: dvips.def on input line 105.

(/usr/share/texlive/texmf-dist/tex/latex/graphics-def/dvips.def
File: dvips.def 2017/06/20 v3.1d Graphics/color driver for dvips
))
\Gin@req@height=\dimen135
\Gin@req@width=\dimen136
)
(/usr/share/texlive/texmf-dist/tex/generic/xypic/xy.sty
(/usr/share/texlive/texmf-dist/tex/generic/xypic/xy.tex Bootstrap'ing:
catcodes, docmode, (/usr/share/texlive/texmf-dist/tex/generic/xypic/xyrecat.tex
) (/usr/share/texlive/texmf-dist/tex/generic/xypic/xyidioms.tex)

 Xy-pic version 3.8.9 <2013/10/06>
 Copyright (c) 1991-2013 by Kristoffer H. Rose <krisrose@tug.org> and others
 Xy-pic is free software: see the User's Guide for details.

Loading kernel: messages; fonts; allocations: state,
\X@c=\dimen137
\Y@c=\dimen138
\U@c=\dimen139
\D@c=\dimen140
\L@c=\dimen141
\R@c=\dimen142
\Edge@c=\toks15
\X@p=\dimen143
\Y@p=\dimen144
\U@p=\dimen145
\D@p=\dimen146
\L@p=\dimen147
\R@p=\dimen148
\Edge@p=\toks16
\X@origin=\dimen149
\Y@origin=\dimen150
\X@xbase=\dimen151
\Y@xbase=\dimen152
\X@ybase=\dimen153
\Y@ybase=\dimen154
\X@min=\dimen155
\Y@min=\dimen156
\X@max=\dimen157
\Y@max=\dimen158
\lastobjectbox@=\box45
\zerodotbox@=\box46
\almostz@=\dimen159
 direction,
\d@X=\dimen160
\d@Y=\dimen161
\K@=\count175
\KK@=\count176
\Direction=\count177
\K@dXdY=\dimen162
\K@dYdX=\dimen163
\xyread@=\read2
\xywrite@=\write3
\csp@=\count178
\quotPTK@=\dimen164

utility macros; pictures: \xy, positions,
\swaptoks@@=\toks17
\connectobjectbox@@=\box47
 objects,
\styletoks@=\toks18
 decorations;
kernel objects: directionals, circles, text; options; algorithms: directions,
edges, connections;  Xy-pic loaded)
(/usr/share/texlive/texmf-dist/tex/generic/iftex/ifpdf.sty
Package: ifpdf 2019/10/25 v3.4 ifpdf legacy package. Use iftex instead.

(/usr/share/texlive/texmf-dist/tex/generic/iftex/iftex.sty
Package: iftex 2019/11/07 v1.0c TeX engine tests
))
Package: xy 2013/10/06 Xy-pic version 3.8.9

(/usr/share/texlive/texmf-dist/tex/generic/xypic/xyframe.tex
 Xy-pic option: Frame and Bracket extension v.3.14 loaded)
(/usr/share/texlive/texmf-dist/tex/generic/xypic/xyline.tex
 Xy-pic option: Line styles extension v.3.10
\xylinethick@=\dimen165
 loaded)
(/usr/share/texlive/texmf-dist/tex/generic/xypic/xyarrow.tex
 Xy-pic option: Arrow and Path feature v.3.9 path, \ar, loaded)
(/usr/share/texlive/texmf-dist/tex/generic/xypic/xymatrix.tex
 Xy-pic option: Matrix feature v.3.14
\Row=\count179
\Col=\count180
\queue@=\toks19
\queue@@=\toks20
\qcount@=\count181
\qcount@@=\count182
\matrixsize@=\count183
 loaded)
(/usr/share/texlive/texmf-dist/tex/generic/xypic/xytips.tex
 Xy-pic option: More Tips extension v.3.11 loaded))
\@indexfile=\write4
\openout4 = `simple.idx'.


Writing index file simple.idx
(/usr/share/texlive/texmf-dist/tex/latex/l3backend/l3backend-dvips.def
File: l3backend-dvips.def 2020-02-03 L3 backend support: dvips
\l__pdf_internal_box=\box48
\g__pdf_backend_object_int=\count184
\l__pdf_backend_content_box=\box49
\l__pdf_backend_model_box=\box50
\g__pdf_backend_annotation_int=\count185
\g__pdf_backend_link_int=\count186
\g__pdf_backend_link_sf_int=\count187
)
(./simple.aux)
\openout1 = `simple.aux'.

LaTeX Font Info:    Checking defaults for OML/cmm/m/it on input line 80.
LaTeX Font Info:    ... okay on input line 80.
LaTeX Font Info:    Checking defaults for OMS/cmsy/m/n on input line 80.
LaTeX Font Info:    ... okay on input line 80.
LaTeX Font Info:    Checking defaults for OT1/cmr/m/n on input line 80.
LaTeX Font Info:    ... okay on input line 80.
LaTeX Font Info:    Checking defaults for T1/cmr/m/n on input line 80.
LaTeX Font Info:    ... okay on input line 80.
LaTeX Font Info:    Checking defaults for TS1/cmr/m/n on input line 80.
LaTeX Font Info:    ... okay on input line 80.
LaTeX Font Info:    Checking defaults for OMX/cmex/m/n on input line 80.
LaTeX Font Info:    ... okay on input line 80.
LaTeX Font Info:    Checking defaults for U/cmr/m/n on input line 80.
LaTeX Font Info:    ... okay on input line 80.
\sbox=\box51
) <xymatrix
LaTeX Font Info:    External font `cmex10' loaded for size
(Font)              <10.95> on input line 61.
LaTeX Font Info:    External font `cmex10' loaded for size
(Font)              <8> on input line 61.
LaTeX Font Info:    External font `cmex10' loaded for size
(Font)              <6> on input line 61.
 6x3 684> [1

] (./simple.aux) ) 
Here is how much of TeX's memory you used:
 2370 strings out of 481240
 29145 string characters out of 5920404
 289400 words of memory out of 5000000
 17649 multiletter control sequences out of 15000+600000
 536526 words of font info for 42 fonts, out of 8000000 for 9000
 1141 hyphenation exceptions out of 8191
 33i,10n,30p,199b,326s stack positions out of 5000i,500n,10000p,200000b,80000s

Output written on simple.dvi (1 page, 1208 bytes).
